<?xml version="1.0" encoding="UTF-8"?>
<testsuite name="test_open_door_tests.TestOpenDoor-20210521125921" tests="6" file="test_open_door_tests.py" time="0.031" timestamp="2021-05-21T12:59:22" failures="0" errors="0" skipped="0">
	<testcase classname="test_open_door_tests.TestOpenDoor" name="test_open_door_bad_key_is_expired" time="0.002" timestamp="2021-05-21T12:59:21"/>
	<testcase classname="test_open_door_tests.TestOpenDoor" name="test_open_door_bad_key_is_not_found" time="0.001" timestamp="2021-05-21T12:59:21"/>
	<testcase classname="test_open_door_tests.TestOpenDoor" name="test_open_door_bad_key_regex" time="0.001" timestamp="2021-05-21T12:59:21"/>
	<testcase classname="test_open_door_tests.TestOpenDoor" name="test_open_door_good" time="0.004" timestamp="2021-05-21T12:59:22"/>
	<testcase classname="test_open_door_tests.TestOpenDoor" name="test_open_door_resident" time="0.004" timestamp="2021-05-21T12:59:22"/>
	<testcase classname="test_open_door_tests.TestOpenDoor" name="test_parametrized_cases_tests" time="0.019" timestamp="2021-05-21T12:59:22"/>
</testsuite>
