<?xml version="1.0" encoding="UTF-8"?>
<testsuite name="test_request_access_code_tests.MyTestCase-20210521115603" tests="2" file="test_request_access_code_tests.py" time="0.041" timestamp="2021-05-21T11:56:04" failures="0" errors="0" skipped="0">
	<testcase classname="test_request_access_code_tests.MyTestCase" name="test_invalid_days_character" time="0.002" timestamp="2021-05-21T11:56:04"/>
	<testcase classname="test_request_access_code_tests.MyTestCase" name="test_parametrized_cases_tests" time="0.039" timestamp="2021-05-21T11:56:04"/>
</testsuite>
