<?xml version="1.0" encoding="UTF-8"?>
<testsuite name="test_revoke_tests.TestRevocation-20210521125921" tests="7" file="test_revoke_tests.py" time="0.037" timestamp="2021-05-21T12:59:22" failures="0" errors="0" skipped="0">
	<testcase classname="test_revoke_tests.TestRevocation" name="test_parametrized_cases_tests" time="0.022" timestamp="2021-05-21T12:59:22"/>
	<testcase classname="test_revoke_tests.TestRevocation" name="test_revoke_already_revoked" time="0.001" timestamp="2021-05-21T12:59:22"/>
	<testcase classname="test_revoke_tests.TestRevocation" name="test_revoke_bad_key_is_not_found" time="0.002" timestamp="2021-05-21T12:59:22"/>
	<testcase classname="test_revoke_tests.TestRevocation" name="test_revoke_bad_key_regex" time="0.001" timestamp="2021-05-21T12:59:22"/>
	<testcase classname="test_revoke_tests.TestRevocation" name="test_revoke_good" time="0.004" timestamp="2021-05-21T12:59:22"/>
	<testcase classname="test_revoke_tests.TestRevocation" name="test_revoke_key_expired" time="0.002" timestamp="2021-05-21T12:59:22"/>
	<testcase classname="test_revoke_tests.TestRevocation" name="test_revoke_resident" time="0.005" timestamp="2021-05-21T12:59:22"/>
</testsuite>
