<?xml version="1.0" encoding="UTF-8"?>
<testsuite name="test_singleton_access_manager_tests.MyTestCase-20210521125921" tests="1" file="test_singleton_access_manager_tests.py" time="0.001" timestamp="2021-05-21T12:59:22" failures="0" errors="0" skipped="0">
	<testcase classname="test_singleton_access_manager_tests.MyTestCase" name="test_singleton_access_manager" time="0.001" timestamp="2021-05-21T12:59:22"/>
</testsuite>
